<?xml version="1.0" encoding="UTF-8"?>
<!-- Generated by org.testng.reporters.JUnitReportReporter -->
<testsuite hostname="BYOD-NIVA" failures="0" tests="1" name="com.learautomation.testcases.loginTestCRM" time="2.693" errors="0" timestamp="2022-03-20T22:25:03 IST" skipped="0">
  <testcase classname="com.learautomation.testcases.loginTestCRM" name="loginApp" time="2.693"/>
  <system-out/>
</testsuite> <!-- com.learautomation.testcases.loginTestCRM -->
