<?xml version="1.0" encoding="UTF-8"?>
<!-- Generated by org.testng.reporters.JUnitReportReporter -->
<testsuite hostname="BYOD-NIVA" failures="0" tests="1" name="com.learautomation.testcases.loginCRM" time="9.135" errors="0" timestamp="2022-03-20T21:56:29 IST" skipped="0">
  <testcase classname="com.learautomation.testcases.loginCRM" name="loginApp" time="9.135"/>
  <system-out/>
</testsuite> <!-- com.learautomation.testcases.loginCRM -->
